<?xml version="1.0" encoding="UTF-8"?>
<!-- Generated by org.testng.reporters.JUnitXMLReporter -->
<testsuite ignored="0" hostname="DESKTOP-BR4SE3P" failures="0" tests="3" name="Default test" time="29.118" errors="0" timestamp="01 Jun 2020 17:48:48 GMT">
  <testcase classname="Testpoc.BankTest" name="bankTitle" time="0.023"/>
  <testcase classname="Testpoc.BankTest" name="bankLogin" time="8.609"/>
  <testcase classname="Testpoc.BankTest" name="bankLogout" time="6.471"/>
</testsuite> <!-- Default test -->
