<?xml version="1.0" encoding="UTF-8"?>
<!-- Generated by org.testng.reporters.JUnitXMLReporter -->
<testsuite hostname="Koshal" ignored="0" name="Default test" tests="3" failures="0" timestamp="17 May 2020 09:50:01 GMT" time="71.827" errors="0">
  <testcase name="googleTitle" time="0.021" classname="Testpoc.GoogleTest"/>
  <testcase name="googleApps" time="31.172" classname="Testpoc.GoogleTest"/>
  <testcase name="googleLogo" time="0.088" classname="Testpoc.GoogleTest"/>
</testsuite> <!-- Default test -->
