<?xml version="1.0" encoding="UTF-8"?>
<!-- Generated by org.testng.reporters.JUnitXMLReporter -->
<testsuite hostname="Koshal" ignored="0" name="Command line test" tests="4" failures="0" timestamp="17 May 2020 19:04:57 GMT" time="26.076" errors="0">
  <testcase name="googleTitle" time="0.016" classname="Testpoc.GoogleTest"/>
  <testcase name="googleApps" time="0.141" classname="Testpoc.GoogleTest"/>
  <testcase name="googleLogo" time="0.053" classname="Testpoc.GoogleTest"/>
  <testcase name="mainTest" time="0.0" classname="Testpoc.TestngAnnotations"/>
</testsuite> <!-- Command line test -->
