<?xml version="1.0" encoding="UTF-8"?>
<testng-results ignored="0" total="3" passed="3" failed="0" skipped="0">
  <reporter-output>
  </reporter-output>
  <suite started-at="2020-06-01T18:44:16Z" name="Suite" finished-at="2020-06-01T18:44:45Z" duration-ms="28988">
    <groups>
    </groups>
    <test started-at="2020-06-01T18:44:16Z" name="Test" finished-at="2020-06-01T18:44:45Z" duration-ms="28988">
      <class name="Testpoc.BankTest">
        <test-method is-config="true" signature="setUP()[pri:0, instance:Testpoc.BankTest@3e11f9e9]" started-at="2020-06-01T18:44:16Z" name="setUP" finished-at="2020-06-01T18:44:30Z" duration-ms="13663" status="PASS">
          <reporter-output>
          </reporter-output>
        </test-method> <!-- setUP -->
        <test-method signature="bankTitle()[pri:0, instance:Testpoc.BankTest@3e11f9e9]" started-at="2020-06-01T18:44:30Z" name="bankTitle" finished-at="2020-06-01T18:44:30Z" duration-ms="13" status="PASS">
          <reporter-output>
          </reporter-output>
        </test-method> <!-- bankTitle -->
        <test-method signature="bankLogin()[pri:0, instance:Testpoc.BankTest@3e11f9e9]" started-at="2020-06-01T18:44:30Z" name="bankLogin" finished-at="2020-06-01T18:44:39Z" depends-on-methods="Testpoc.BankTest.bankTitle" duration-ms="9070" status="PASS">
          <reporter-output>
          </reporter-output>
        </test-method> <!-- bankLogin -->
        <test-method signature="bankLogout()[pri:0, instance:Testpoc.BankTest@3e11f9e9]" started-at="2020-06-01T18:44:39Z" name="bankLogout" finished-at="2020-06-01T18:44:44Z" depends-on-methods="Testpoc.BankTest.bankLogin" duration-ms="5475" status="PASS">
          <reporter-output>
          </reporter-output>
        </test-method> <!-- bankLogout -->
        <test-method is-config="true" signature="teardown()[pri:0, instance:Testpoc.BankTest@3e11f9e9]" started-at="2020-06-01T18:44:44Z" name="teardown" finished-at="2020-06-01T18:44:45Z" duration-ms="736" status="PASS">
          <reporter-output>
          </reporter-output>
        </test-method> <!-- teardown -->
      </class> <!-- Testpoc.BankTest -->
    </test> <!-- Test -->
  </suite> <!-- Suite -->
</testng-results>
