<?xml version="1.0" encoding="UTF-8"?>
<testsuite xmlns:xsi="http://www.w3.org/2001/XMLSchema-instance" xsi:noNamespaceSchemaLocation="https://maven.apache.org/surefire/maven-surefire-plugin/xsd/surefire-test-report.xsd" name="TestSuite" time="31.224" tests="3" errors="0" skipped="0" failures="0">
  <properties>
[...]
</properties>
  <testcase name="bankTitle" classname="Testpoc.BankTest" time="0.015"/>
  <testcase name="bankLogin" classname="Testpoc.BankTest" time="9.069"/>
  <testcase name="bankLogout" classname="Testpoc.BankTest" time="5.475"/>
</testsuite>