<?xml version="1.0" encoding="UTF-8"?>
<testng-results skipped="0" failed="0" ignored="0" total="3" passed="3">
  <reporter-output>
  </reporter-output>
  <suite name="Suite" duration-ms="20439" started-at="2020-05-20T02:27:21Z" finished-at="2020-05-20T02:27:42Z">
    <groups>
    </groups>
    <test name="Test" duration-ms="20439" started-at="2020-05-20T02:27:21Z" finished-at="2020-05-20T02:27:42Z">
      <class name="Testpoc.GoogleTest">
        <test-method status="PASS" signature="setUP()[pri:0, instance:Testpoc.GoogleTest@527e5409]" name="setUP" is-config="true" duration-ms="6961" started-at="2020-05-20T02:27:21Z" finished-at="2020-05-20T02:27:28Z">
          <reporter-output>
          </reporter-output>
        </test-method> <!-- setUP -->
        <test-method status="PASS" signature="googleTitle()[pri:0, instance:Testpoc.GoogleTest@527e5409]" name="googleTitle" duration-ms="21" started-at="2020-05-20T02:27:28Z" finished-at="2020-05-20T02:27:28Z">
          <reporter-output>
          </reporter-output>
        </test-method> <!-- googleTitle -->
        <test-method status="PASS" signature="teardown()[pri:0, instance:Testpoc.GoogleTest@527e5409]" name="teardown" is-config="true" duration-ms="636" started-at="2020-05-20T02:27:28Z" finished-at="2020-05-20T02:27:29Z">
          <reporter-output>
          </reporter-output>
        </test-method> <!-- teardown -->
        <test-method status="PASS" signature="setUP()[pri:0, instance:Testpoc.GoogleTest@527e5409]" name="setUP" is-config="true" duration-ms="5731" started-at="2020-05-20T02:27:29Z" finished-at="2020-05-20T02:27:34Z">
          <reporter-output>
          </reporter-output>
        </test-method> <!-- setUP -->
        <test-method status="PASS" signature="googleApps()[pri:0, instance:Testpoc.GoogleTest@527e5409]" name="googleApps" duration-ms="101" started-at="2020-05-20T02:27:34Z" depends-on-methods="Testpoc.GoogleTest.googleTitle" finished-at="2020-05-20T02:27:35Z">
          <reporter-output>
          </reporter-output>
        </test-method> <!-- googleApps -->
        <test-method status="PASS" signature="teardown()[pri:0, instance:Testpoc.GoogleTest@527e5409]" name="teardown" is-config="true" duration-ms="672" started-at="2020-05-20T02:27:35Z" finished-at="2020-05-20T02:27:35Z">
          <reporter-output>
          </reporter-output>
        </test-method> <!-- teardown -->
        <test-method status="PASS" signature="setUP()[pri:0, instance:Testpoc.GoogleTest@527e5409]" name="setUP" is-config="true" duration-ms="5618" started-at="2020-05-20T02:27:35Z" finished-at="2020-05-20T02:27:41Z">
          <reporter-output>
          </reporter-output>
        </test-method> <!-- setUP -->
        <test-method status="PASS" signature="googleLogo()[pri:0, instance:Testpoc.GoogleTest@527e5409]" name="googleLogo" duration-ms="52" started-at="2020-05-20T02:27:41Z" depends-on-methods="Testpoc.GoogleTest.googleTitle" finished-at="2020-05-20T02:27:41Z">
          <reporter-output>
          </reporter-output>
        </test-method> <!-- googleLogo -->
        <test-method status="PASS" signature="teardown()[pri:0, instance:Testpoc.GoogleTest@527e5409]" name="teardown" is-config="true" duration-ms="603" started-at="2020-05-20T02:27:41Z" finished-at="2020-05-20T02:27:42Z">
          <reporter-output>
          </reporter-output>
        </test-method> <!-- teardown -->
      </class> <!-- Testpoc.GoogleTest -->
    </test> <!-- Test -->
  </suite> <!-- Suite -->
</testng-results>
