<?xml version="1.0" encoding="UTF-8"?>
<testng-results ignored="0" total="3" passed="3" failed="0" skipped="0">
  <reporter-output>
  </reporter-output>
  <suite started-at="2020-06-01T17:48:19Z" name="Default suite" finished-at="2020-06-01T17:48:48Z" duration-ms="29118">
    <groups>
    </groups>
    <test started-at="2020-06-01T17:48:19Z" name="Default test" finished-at="2020-06-01T17:48:48Z" duration-ms="29118">
      <class name="Testpoc.BankTest">
        <test-method is-config="true" signature="setUP()[pri:0, instance:Testpoc.BankTest@2e8c1c9b]" started-at="2020-06-01T17:48:19Z" name="setUP" finished-at="2020-06-01T17:48:32Z" duration-ms="13265" status="PASS">
          <reporter-output>
          </reporter-output>
        </test-method> <!-- setUP -->
        <test-method signature="bankTitle()[pri:0, instance:Testpoc.BankTest@2e8c1c9b]" started-at="2020-06-01T17:48:32Z" name="bankTitle" finished-at="2020-06-01T17:48:32Z" duration-ms="23" status="PASS">
          <reporter-output>
          </reporter-output>
        </test-method> <!-- bankTitle -->
        <test-method signature="bankLogin()[pri:0, instance:Testpoc.BankTest@2e8c1c9b]" started-at="2020-06-01T17:48:32Z" name="bankLogin" finished-at="2020-06-01T17:48:41Z" depends-on-methods="Testpoc.BankTest.bankTitle" duration-ms="8609" status="PASS">
          <reporter-output>
          </reporter-output>
        </test-method> <!-- bankLogin -->
        <test-method signature="bankLogout()[pri:0, instance:Testpoc.BankTest@2e8c1c9b]" started-at="2020-06-01T17:48:41Z" name="bankLogout" finished-at="2020-06-01T17:48:47Z" depends-on-methods="Testpoc.BankTest.bankLogin" duration-ms="6471" status="PASS">
          <reporter-output>
          </reporter-output>
        </test-method> <!-- bankLogout -->
        <test-method is-config="true" signature="teardown()[pri:0, instance:Testpoc.BankTest@2e8c1c9b]" started-at="2020-06-01T17:48:47Z" name="teardown" finished-at="2020-06-01T17:48:48Z" duration-ms="701" status="PASS">
          <reporter-output>
          </reporter-output>
        </test-method> <!-- teardown -->
      </class> <!-- Testpoc.BankTest -->
    </test> <!-- Default test -->
  </suite> <!-- Default suite -->
</testng-results>
